<?xml version="1.0" encoding="UTF-8" ?>
<testsuites>
  <testsuite errors="0" failures="0" hostname="Admin-PC" id="0" name="GoogleSearchTest" package="seleniumcookbook.examples.test" tests="1" time="40.478" timestamp="2012-09-23T08:58:21">
      <properties>
[...]
</properties>

      <testcase classname="seleniumcookbook.examples.test.GoogleSearchTest" name="testGoogleSearch" time="39.834" />

      <system-out><![CDATA[]]></system-out>

      <system-err><![CDATA[]]></system-err>

  </testsuite>
</testsuites>
